<?xml version="1.0" encoding="UTF-8"?>
<testsuite name="SampleTest" tests="1" skipped="0" failures="0" errors="0" timestamp="2022-08-29T10:55:02" hostname="DESKTOP-UD7VIL4" time="0.029">
  <properties/>
  <testcase name="demoTest()" classname="SampleTest" time="0.029"/>
  <system-out><![CDATA[]]></system-out>
  <system-err><![CDATA[]]></system-err>
</testsuite>
